<?xml version="1.0" encoding="UTF-8"?>
<testng-results ignored="0" total="2" passed="1" failed="1" skipped="0">
  <reporter-output>
  </reporter-output>
  <suite started-at="2024-10-15T14:20:15 IST" name="Default suite" finished-at="2024-10-15T14:24:01 IST" duration-ms="226783">
    <groups>
    </groups>
    <test started-at="2024-10-15T14:20:15 IST" name="Default test" finished-at="2024-10-15T14:24:01 IST" duration-ms="226783">
      <class name="com.testing.CrossBrowserTesting">
        <test-method signature="chrome()[pri:0, instance:com.testing.CrossBrowserTesting@229c6181]" started-at="2024-10-15T14:20:15 IST" name="chrome" finished-at="2024-10-15T14:22:11 IST" duration-ms="116366" status="FAIL">
          <exception class="java.lang.AssertionError">
            <message>
              <![CDATA[ERROR:OCCUR DURING LAUNCH]]>
            </message>
            <full-stacktrace>
              <![CDATA[java.lang.AssertionError: ERROR:OCCUR DURING LAUNCH
at org.junit.Assert.fail(Assert.java:89)
at com.base.BaseClass.launchBrowser(BaseClass.java:45)
at com.testing.CrossBrowserTesting.chrome(CrossBrowserTesting.java:11)
at java.base/jdk.internal.reflect.DirectMethodHandleAccessor.invoke(DirectMethodHandleAccessor.java:103)
at java.base/java.lang.reflect.Method.invoke(Method.java:580)
at org.testng.internal.MethodInvocationHelper.invokeMethod(MethodInvocationHelper.java:133)
at org.testng.internal.TestInvoker.invokeMethod(TestInvoker.java:598)
at org.testng.internal.TestInvoker.invokeTestMethod(TestInvoker.java:173)
at org.testng.internal.MethodRunner.runInSequence(MethodRunner.java:46)
at org.testng.internal.TestInvoker$MethodInvocationAgent.invoke(TestInvoker.java:824)
at org.testng.internal.TestInvoker.invokeTestMethods(TestInvoker.java:146)
at org.testng.internal.TestMethodWorker.invokeTestMethods(TestMethodWorker.java:146)
at org.testng.internal.TestMethodWorker.run(TestMethodWorker.java:128)
at java.base/java.util.ArrayList.forEach(ArrayList.java:1597)
at org.testng.TestRunner.privateRun(TestRunner.java:794)
at org.testng.TestRunner.run(TestRunner.java:596)
at org.testng.SuiteRunner.runTest(SuiteRunner.java:377)
at org.testng.SuiteRunner.runSequentially(SuiteRunner.java:371)
at org.testng.SuiteRunner.privateRun(SuiteRunner.java:332)
at org.testng.SuiteRunner.run(SuiteRunner.java:276)
at org.testng.SuiteRunnerWorker.runSuite(SuiteRunnerWorker.java:53)
at org.testng.SuiteRunnerWorker.run(SuiteRunnerWorker.java:96)
at org.testng.TestNG.runSuitesSequentially(TestNG.java:1212)
at org.testng.TestNG.runSuitesLocally(TestNG.java:1134)
at org.testng.TestNG.runSuites(TestNG.java:1063)
at org.testng.TestNG.run(TestNG.java:1031)
at org.testng.remote.AbstractRemoteTestNG.run(AbstractRemoteTestNG.java:115)
at org.testng.remote.RemoteTestNG.initAndRun(RemoteTestNG.java:293)
at org.testng.remote.RemoteTestNG.main(RemoteTestNG.java:91)
]]>
            </full-stacktrace>
          </exception> <!-- java.lang.AssertionError -->
          <reporter-output>
          </reporter-output>
        </test-method> <!-- chrome -->
        <test-method signature="edge()[pri:0, instance:com.testing.CrossBrowserTesting@229c6181]" started-at="2024-10-15T14:22:11 IST" name="edge" finished-at="2024-10-15T14:24:01 IST" duration-ms="110111" status="PASS">
          <reporter-output>
          </reporter-output>
        </test-method> <!-- edge -->
      </class> <!-- com.testing.CrossBrowserTesting -->
    </test> <!-- Default test -->
  </suite> <!-- Default suite -->
</testng-results>
